{"name":"hexo","hostname":"timelyrain","pid":9632,"level":20,"msg":"Writing database to C:\\Users\\Administrator\\hailingguoyong.github.io/db.json","time":"2019-04-26T06:31:07.201Z","v":0}
{"name":"hexo","hostname":"timelyrain","pid":9632,"level":20,"msg":"Hexo version: \u001b[35m3.8.0\u001b[39m","time":"2019-04-26T06:31:07.221Z","v":0}
{"name":"hexo","hostname":"timelyrain","pid":9632,"level":20,"msg":"Working directory: \u001b[35m~\\hailingguoyong.github.io\\\u001b[39m","time":"2019-04-26T06:31:07.223Z","v":0}
{"name":"hexo","hostname":"timelyrain","pid":9632,"level":20,"msg":"Config loaded: \u001b[35m~\\hailingguoyong.github.io\\_config.yml\u001b[39m","time":"2019-04-26T06:31:07.347Z","v":0}
{"name":"hexo","hostname":"timelyrain","pid":9632,"level":20,"msg":"Plugin loaded: \u001b[35mhexo-deployer-git\u001b[39m","time":"2019-04-26T06:31:07.446Z","v":0}
{"name":"hexo","hostname":"timelyrain","pid":9632,"level":20,"msg":"Plugin loaded: \u001b[35mhexo-generator-archive\u001b[39m","time":"2019-04-26T06:31:07.453Z","v":0}
{"name":"hexo","hostname":"timelyrain","pid":9632,"level":20,"msg":"Plugin loaded: \u001b[35mhexo-generator-category\u001b[39m","time":"2019-04-26T06:31:07.456Z","v":0}
{"name":"hexo","hostname":"timelyrain","pid":9632,"level":20,"msg":"Plugin loaded: \u001b[35mhexo-generator-tag\u001b[39m","time":"2019-04-26T06:31:07.459Z","v":0}
{"name":"hexo","hostname":"timelyrain","pid":9632,"level":20,"msg":"Plugin loaded: \u001b[35mhexo-renderer-ejs\u001b[39m","time":"2019-04-26T06:31:07.464Z","v":0}
{"name":"hexo","hostname":"timelyrain","pid":9632,"level":20,"msg":"Plugin loaded: \u001b[35mhexo-renderer-marked\u001b[39m","time":"2019-04-26T06:31:07.471Z","v":0}
{"name":"hexo","hostname":"timelyrain","pid":9632,"level":20,"msg":"Plugin loaded: \u001b[35mhexo-server\u001b[39m","time":"2019-04-26T06:31:07.549Z","v":0}
{"name":"hexo","hostname":"timelyrain","pid":9632,"level":20,"msg":"Plugin loaded: \u001b[35mhexo-renderer-stylus\u001b[39m","time":"2019-04-26T06:31:07.552Z","v":0}
{"name":"hexo","hostname":"timelyrain","pid":9632,"level":20,"msg":"Plugin loaded: \u001b[35mhexo-generator-index\u001b[39m","time":"2019-04-26T06:31:07.555Z","v":0}
{"name":"hexo","hostname":"timelyrain","pid":9632,"level":20,"msg":"Loading database.","time":"2019-04-26T06:31:07.573Z","v":0}
{"name":"hexo","hostname":"timelyrain","pid":9632,"level":30,"msg":"Start processing","time":"2019-04-26T06:31:07.597Z","v":0}
{"name":"hexo","hostname":"timelyrain","pid":9632,"level":20,"msg":"Processed: \u001b[35m_posts/My-New-Post.md\u001b[39m","time":"2019-04-26T06:31:07.641Z","v":0}
{"name":"hexo","hostname":"timelyrain","pid":9632,"level":20,"msg":"Processed: \u001b[35m_posts/hello-world.md\u001b[39m","time":"2019-04-26T06:31:07.643Z","v":0}
{"name":"hexo","hostname":"timelyrain","pid":9632,"level":20,"msg":"Processed: \u001b[35m_posts/文章标题.md\u001b[39m","time":"2019-04-26T06:31:07.645Z","v":0}
{"name":"hexo","hostname":"timelyrain","pid":9632,"level":20,"msg":"Processed: \u001b[35mlanguages/default.yml\u001b[39m","time":"2019-04-26T06:31:07.694Z","v":0}
{"name":"hexo","hostname":"timelyrain","pid":9632,"level":20,"msg":"Processed: \u001b[35mlanguages/zh_CN.yml\u001b[39m","time":"2019-04-26T06:31:07.696Z","v":0}
{"name":"hexo","hostname":"timelyrain","pid":9632,"level":20,"msg":"Processed: \u001b[35mlanguages/zh_HK.yml\u001b[39m","time":"2019-04-26T06:31:07.697Z","v":0}
{"name":"hexo","hostname":"timelyrain","pid":9632,"level":20,"msg":"Processed: \u001b[35mlanguages/en.yml\u001b[39m","time":"2019-04-26T06:31:07.699Z","v":0}
{"name":"hexo","hostname":"timelyrain","pid":9632,"level":20,"msg":"Processed: \u001b[35mlanguages/zh_TW.yml\u001b[39m","time":"2019-04-26T06:31:07.700Z","v":0}
{"name":"hexo","hostname":"timelyrain","pid":9632,"level":20,"msg":"Generator: \u001b[35mpage\u001b[39m","time":"2019-04-26T06:31:07.793Z","v":0}
{"name":"hexo","hostname":"timelyrain","pid":9632,"level":20,"msg":"Generator: \u001b[35mpost\u001b[39m","time":"2019-04-26T06:31:07.795Z","v":0}
{"name":"hexo","hostname":"timelyrain","pid":9632,"level":20,"msg":"Generator: \u001b[35marchive\u001b[39m","time":"2019-04-26T06:31:07.796Z","v":0}
{"name":"hexo","hostname":"timelyrain","pid":9632,"level":20,"msg":"Generator: \u001b[35mcategory\u001b[39m","time":"2019-04-26T06:31:07.797Z","v":0}
{"name":"hexo","hostname":"timelyrain","pid":9632,"level":20,"msg":"Generator: \u001b[35mtag\u001b[39m","time":"2019-04-26T06:31:07.800Z","v":0}
{"name":"hexo","hostname":"timelyrain","pid":9632,"level":20,"msg":"Generator: \u001b[35mindex\u001b[39m","time":"2019-04-26T06:31:07.801Z","v":0}
{"name":"hexo","hostname":"timelyrain","pid":9632,"level":20,"msg":"Generator: \u001b[35masset\u001b[39m","time":"2019-04-26T06:31:07.802Z","v":0}
{"name":"hexo","hostname":"timelyrain","pid":9632,"level":30,"msg":"Hexo is running at \u001b[4mhttp://localhost:4000/\u001b[24m. Press Ctrl+C to stop.","time":"2019-04-26T06:31:07.807Z","v":0}
{"name":"hexo","hostname":"timelyrain","pid":9632,"level":20,"msg":"Database saved","time":"2019-04-26T06:31:07.816Z","v":0}
{"name":"hexo","hostname":"timelyrain","pid":9632,"level":40,"msg":"No layout: \u001b[35mindex.html\u001b[39m","time":"2019-04-26T06:31:29.690Z","v":0}
{"name":"hexo","hostname":"timelyrain","pid":9632,"level":20,"msg":"Processed: \u001b[35mlayout/archive.ejs\u001b[39m","time":"2019-04-26T06:31:58.152Z","v":0}
{"name":"hexo","hostname":"timelyrain","pid":9632,"level":20,"msg":"Processed: \u001b[35mlayout/category.ejs\u001b[39m","time":"2019-04-26T06:31:58.153Z","v":0}
{"name":"hexo","hostname":"timelyrain","pid":9632,"level":20,"msg":"Processed: \u001b[35mlayout/index.ejs\u001b[39m","time":"2019-04-26T06:31:58.155Z","v":0}
{"name":"hexo","hostname":"timelyrain","pid":9632,"level":20,"msg":"Processed: \u001b[35mlayout/archive.ejs\u001b[39m","time":"2019-04-26T06:31:58.182Z","v":0}
{"name":"hexo","hostname":"timelyrain","pid":9632,"level":20,"msg":"Processed: \u001b[35mlayout/index.ejs\u001b[39m","time":"2019-04-26T06:31:58.183Z","v":0}
{"name":"hexo","hostname":"timelyrain","pid":9632,"level":20,"msg":"Processed: \u001b[35mlayout/category.ejs\u001b[39m","time":"2019-04-26T06:31:58.184Z","v":0}
{"name":"hexo","hostname":"timelyrain","pid":9632,"level":20,"msg":"Processed: \u001b[35mlayout/page.ejs\u001b[39m","time":"2019-04-26T06:31:58.186Z","v":0}
{"name":"hexo","hostname":"timelyrain","pid":9632,"level":20,"msg":"Processed: \u001b[35mlayout/tag.ejs\u001b[39m","time":"2019-04-26T06:31:58.188Z","v":0}
{"name":"hexo","hostname":"timelyrain","pid":9632,"level":20,"msg":"Processed: \u001b[35mlayout/layout.ejs\u001b[39m","time":"2019-04-26T06:31:58.190Z","v":0}
{"name":"hexo","hostname":"timelyrain","pid":9632,"level":20,"msg":"Processed: \u001b[35mlayout/post.ejs\u001b[39m","time":"2019-04-26T06:31:58.190Z","v":0}
{"name":"hexo","hostname":"timelyrain","pid":9632,"level":20,"msg":"Processed: \u001b[35mlayout/_partial/toc.ejs\u001b[39m","time":"2019-04-26T06:31:58.206Z","v":0}
{"name":"hexo","hostname":"timelyrain","pid":9632,"level":20,"msg":"Processed: \u001b[35mlayout/_partial/after-footer.ejs\u001b[39m","time":"2019-04-26T06:31:58.219Z","v":0}
{"name":"hexo","hostname":"timelyrain","pid":9632,"level":20,"msg":"Processed: \u001b[35mlayout/_partial/archive-post.ejs\u001b[39m","time":"2019-04-26T06:31:58.221Z","v":0}
{"name":"hexo","hostname":"timelyrain","pid":9632,"level":20,"msg":"Processed: \u001b[35mlayout/_partial/article.ejs\u001b[39m","time":"2019-04-26T06:31:58.222Z","v":0}
{"name":"hexo","hostname":"timelyrain","pid":9632,"level":20,"msg":"Processed: \u001b[35mlayout/_partial/archive.ejs\u001b[39m","time":"2019-04-26T06:31:58.223Z","v":0}
{"name":"hexo","hostname":"timelyrain","pid":9632,"level":20,"msg":"Processed: \u001b[35mlayout/_partial/aside.ejs\u001b[39m","time":"2019-04-26T06:31:58.224Z","v":0}
{"name":"hexo","hostname":"timelyrain","pid":9632,"level":20,"msg":"Processed: \u001b[35mlayout/_partial/baidu-analytics.ejs\u001b[39m","time":"2019-04-26T06:31:58.225Z","v":0}
{"name":"hexo","hostname":"timelyrain","pid":9632,"level":20,"msg":"Processed: \u001b[35mlayout/_partial/footer.ejs\u001b[39m","time":"2019-04-26T06:31:58.226Z","v":0}
{"name":"hexo","hostname":"timelyrain","pid":9632,"level":20,"msg":"Processed: \u001b[35mlayout/_partial/css.ejs\u001b[39m","time":"2019-04-26T06:31:58.227Z","v":0}
{"name":"hexo","hostname":"timelyrain","pid":9632,"level":20,"msg":"Processed: \u001b[35mlayout/_partial/google-analytics.ejs\u001b[39m","time":"2019-04-26T06:31:58.228Z","v":0}
{"name":"hexo","hostname":"timelyrain","pid":9632,"level":20,"msg":"Processed: \u001b[35mlayout/_partial/left-col.ejs\u001b[39m","time":"2019-04-26T06:31:58.229Z","v":0}
{"name":"hexo","hostname":"timelyrain","pid":9632,"level":20,"msg":"Processed: \u001b[35mlayout/_partial/header.ejs\u001b[39m","time":"2019-04-26T06:31:58.230Z","v":0}
{"name":"hexo","hostname":"timelyrain","pid":9632,"level":20,"msg":"Processed: \u001b[35mlayout/_partial/mathjax.ejs\u001b[39m","time":"2019-04-26T06:31:58.231Z","v":0}
{"name":"hexo","hostname":"timelyrain","pid":9632,"level":20,"msg":"Processed: \u001b[35mlayout/_partial/mobile-nav.ejs\u001b[39m","time":"2019-04-26T06:31:58.232Z","v":0}
{"name":"hexo","hostname":"timelyrain","pid":9632,"level":20,"msg":"Processed: \u001b[35mlayout/_partial/tools.ejs\u001b[39m","time":"2019-04-26T06:31:58.233Z","v":0}
{"name":"hexo","hostname":"timelyrain","pid":9632,"level":20,"msg":"Processed: \u001b[35mlayout/_partial/head.ejs\u001b[39m","time":"2019-04-26T06:31:58.234Z","v":0}
{"name":"hexo","hostname":"timelyrain","pid":9632,"level":20,"msg":"Processed: \u001b[35mlayout/_partial/viewer.ejs\u001b[39m","time":"2019-04-26T06:31:58.235Z","v":0}
{"name":"hexo","hostname":"timelyrain","pid":9632,"level":20,"msg":"Processed: \u001b[35mlayout/_partial/post/category.ejs\u001b[39m","time":"2019-04-26T06:31:58.239Z","v":0}
{"name":"hexo","hostname":"timelyrain","pid":9632,"level":20,"msg":"Processed: \u001b[35mlayout/_partial/post/date.ejs\u001b[39m","time":"2019-04-26T06:31:58.240Z","v":0}
{"name":"hexo","hostname":"timelyrain","pid":9632,"level":20,"msg":"Processed: \u001b[35mlayout/_partial/post/changyan.ejs\u001b[39m","time":"2019-04-26T06:31:58.241Z","v":0}
{"name":"hexo","hostname":"timelyrain","pid":9632,"level":20,"msg":"Processed: \u001b[35mlayout/_partial/post/duoshuo.ejs\u001b[39m","time":"2019-04-26T06:31:58.243Z","v":0}
{"name":"hexo","hostname":"timelyrain","pid":9632,"level":20,"msg":"Processed: \u001b[35mlayout/_partial/post/nav.ejs\u001b[39m","time":"2019-04-26T06:31:58.248Z","v":0}
{"name":"hexo","hostname":"timelyrain","pid":9632,"level":20,"msg":"Processed: \u001b[35mlayout/_partial/post/gitment.ejs\u001b[39m","time":"2019-04-26T06:31:58.249Z","v":0}
{"name":"hexo","hostname":"timelyrain","pid":9632,"level":20,"msg":"Processed: \u001b[35mlayout/_partial/script.ejs\u001b[39m","time":"2019-04-26T06:31:58.276Z","v":0}
{"name":"hexo","hostname":"timelyrain","pid":9632,"level":20,"msg":"Processed: \u001b[35mlayout/_partial/after-footer.ejs\u001b[39m","time":"2019-04-26T06:31:58.287Z","v":0}
{"name":"hexo","hostname":"timelyrain","pid":9632,"level":20,"msg":"Processed: \u001b[35mlayout/_partial/archive-post.ejs\u001b[39m","time":"2019-04-26T06:31:58.289Z","v":0}
{"name":"hexo","hostname":"timelyrain","pid":9632,"level":20,"msg":"Processed: \u001b[35mlayout/_partial/archive.ejs\u001b[39m","time":"2019-04-26T06:31:58.289Z","v":0}
{"name":"hexo","hostname":"timelyrain","pid":9632,"level":20,"msg":"Processed: \u001b[35mlayout/_partial/article.ejs\u001b[39m","time":"2019-04-26T06:31:58.291Z","v":0}
{"name":"hexo","hostname":"timelyrain","pid":9632,"level":20,"msg":"Processed: \u001b[35mlayout/_partial/aside.ejs\u001b[39m","time":"2019-04-26T06:31:58.292Z","v":0}
{"name":"hexo","hostname":"timelyrain","pid":9632,"level":20,"msg":"Processed: \u001b[35mlayout/_partial/css.ejs\u001b[39m","time":"2019-04-26T06:31:58.295Z","v":0}
{"name":"hexo","hostname":"timelyrain","pid":9632,"level":20,"msg":"Processed: \u001b[35mlayout/_partial/footer.ejs\u001b[39m","time":"2019-04-26T06:31:58.297Z","v":0}
{"name":"hexo","hostname":"timelyrain","pid":9632,"level":20,"msg":"Processed: \u001b[35mlayout/_partial/baidu-analytics.ejs\u001b[39m","time":"2019-04-26T06:31:58.298Z","v":0}
{"name":"hexo","hostname":"timelyrain","pid":9632,"level":20,"msg":"Processed: \u001b[35mlayout/_partial/google-analytics.ejs\u001b[39m","time":"2019-04-26T06:31:58.301Z","v":0}
{"name":"hexo","hostname":"timelyrain","pid":9632,"level":20,"msg":"Processed: \u001b[35mlayout/_partial/head.ejs\u001b[39m","time":"2019-04-26T06:31:58.304Z","v":0}
{"name":"hexo","hostname":"timelyrain","pid":9632,"level":20,"msg":"Processed: \u001b[35mlayout/_partial/header.ejs\u001b[39m","time":"2019-04-26T06:31:58.313Z","v":0}
{"name":"hexo","hostname":"timelyrain","pid":9632,"level":20,"msg":"Processed: \u001b[35mlayout/_partial/left-col.ejs\u001b[39m","time":"2019-04-26T06:31:58.313Z","v":0}
{"name":"hexo","hostname":"timelyrain","pid":9632,"level":20,"msg":"Processed: \u001b[35mlayout/_partial/mathjax.ejs\u001b[39m","time":"2019-04-26T06:31:58.316Z","v":0}
{"name":"hexo","hostname":"timelyrain","pid":9632,"level":20,"msg":"Processed: \u001b[35mlayout/_partial/mobile-nav.ejs\u001b[39m","time":"2019-04-26T06:31:58.317Z","v":0}
{"name":"hexo","hostname":"timelyrain","pid":9632,"level":20,"msg":"Processed: \u001b[35mlayout/_partial/tools.ejs\u001b[39m","time":"2019-04-26T06:31:58.321Z","v":0}
{"name":"hexo","hostname":"timelyrain","pid":9632,"level":20,"msg":"Processed: \u001b[35mlayout/_partial/toc.ejs\u001b[39m","time":"2019-04-26T06:31:58.326Z","v":0}
{"name":"hexo","hostname":"timelyrain","pid":9632,"level":20,"msg":"Processed: \u001b[35mlayout/_partial/viewer.ejs\u001b[39m","time":"2019-04-26T06:31:58.329Z","v":0}
{"name":"hexo","hostname":"timelyrain","pid":9632,"level":20,"msg":"Processed: \u001b[35mlayout/_partial/post/share.ejs\u001b[39m","time":"2019-04-26T06:31:58.333Z","v":0}
{"name":"hexo","hostname":"timelyrain","pid":9632,"level":20,"msg":"Processed: \u001b[35mlayout/_partial/post/tag.ejs\u001b[39m","time":"2019-04-26T06:31:58.335Z","v":0}
{"name":"hexo","hostname":"timelyrain","pid":9632,"level":20,"msg":"Processed: \u001b[35mlayout/_partial/post/title.ejs\u001b[39m","time":"2019-04-26T06:31:58.337Z","v":0}
{"name":"hexo","hostname":"timelyrain","pid":9632,"level":20,"msg":"Processed: \u001b[35mlayout/_partial/post/wangyiyun.ejs\u001b[39m","time":"2019-04-26T06:31:58.345Z","v":0}
{"name":"hexo","hostname":"timelyrain","pid":9632,"level":20,"msg":"Processed: \u001b[35mlayout/_partial/post/category.ejs\u001b[39m","time":"2019-04-26T06:31:58.354Z","v":0}
{"name":"hexo","hostname":"timelyrain","pid":9632,"level":20,"msg":"Processed: \u001b[35mlayout/_partial/post/changyan.ejs\u001b[39m","time":"2019-04-26T06:31:58.355Z","v":0}
{"name":"hexo","hostname":"timelyrain","pid":9632,"level":20,"msg":"Processed: \u001b[35mlayout/_partial/post/duoshuo.ejs\u001b[39m","time":"2019-04-26T06:31:58.358Z","v":0}
{"name":"hexo","hostname":"timelyrain","pid":9632,"level":20,"msg":"Processed: \u001b[35mlayout/_partial/post/date.ejs\u001b[39m","time":"2019-04-26T06:31:58.359Z","v":0}
{"name":"hexo","hostname":"timelyrain","pid":9632,"level":20,"msg":"Processed: \u001b[35mlayout/_partial/post/gitment.ejs\u001b[39m","time":"2019-04-26T06:31:58.359Z","v":0}
{"name":"hexo","hostname":"timelyrain","pid":9632,"level":20,"msg":"Processed: \u001b[35mlayout/_partial/post/nav.ejs\u001b[39m","time":"2019-04-26T06:31:58.359Z","v":0}
{"name":"hexo","hostname":"timelyrain","pid":9632,"level":20,"msg":"Processed: \u001b[35mlayout/_partial/post/category.ejs\u001b[39m","time":"2019-04-26T06:31:58.380Z","v":0}
{"name":"hexo","hostname":"timelyrain","pid":9632,"level":20,"msg":"Processed: \u001b[35mlayout/_partial/post/changyan.ejs\u001b[39m","time":"2019-04-26T06:31:58.382Z","v":0}
{"name":"hexo","hostname":"timelyrain","pid":9632,"level":20,"msg":"Processed: \u001b[35mlayout/_partial/post/duoshuo.ejs\u001b[39m","time":"2019-04-26T06:31:58.386Z","v":0}
{"name":"hexo","hostname":"timelyrain","pid":9632,"level":20,"msg":"Processed: \u001b[35mlayout/_partial/post/nav.ejs\u001b[39m","time":"2019-04-26T06:31:58.394Z","v":0}
{"name":"hexo","hostname":"timelyrain","pid":9632,"level":20,"msg":"Processed: \u001b[35mlayout/_partial/post/gitment.ejs\u001b[39m","time":"2019-04-26T06:31:58.395Z","v":0}
{"name":"hexo","hostname":"timelyrain","pid":9632,"level":20,"msg":"Processed: \u001b[35mlayout/_partial/post/date.ejs\u001b[39m","time":"2019-04-26T06:31:58.397Z","v":0}
{"name":"hexo","hostname":"timelyrain","pid":9632,"level":20,"msg":"Processed: \u001b[35mlayout/_partial/post/share.ejs\u001b[39m","time":"2019-04-26T06:31:58.397Z","v":0}
{"name":"hexo","hostname":"timelyrain","pid":9632,"level":20,"msg":"Processed: \u001b[35mlayout/_partial/post/tag.ejs\u001b[39m","time":"2019-04-26T06:31:58.406Z","v":0}
{"name":"hexo","hostname":"timelyrain","pid":9632,"level":20,"msg":"Processed: \u001b[35mlayout/_partial/post/title.ejs\u001b[39m","time":"2019-04-26T06:31:58.407Z","v":0}
{"name":"hexo","hostname":"timelyrain","pid":9632,"level":20,"msg":"Processed: \u001b[35mlayout/_partial/post/wangyiyun.ejs\u001b[39m","time":"2019-04-26T06:31:58.409Z","v":0}
{"name":"hexo","hostname":"timelyrain","pid":9632,"level":20,"msg":"Generator: \u001b[35mpage\u001b[39m","time":"2019-04-26T06:31:58.516Z","v":0}
{"name":"hexo","hostname":"timelyrain","pid":9632,"level":20,"msg":"Generator: \u001b[35mpost\u001b[39m","time":"2019-04-26T06:31:58.519Z","v":0}
{"name":"hexo","hostname":"timelyrain","pid":9632,"level":20,"msg":"Generator: \u001b[35marchive\u001b[39m","time":"2019-04-26T06:31:58.520Z","v":0}
{"name":"hexo","hostname":"timelyrain","pid":9632,"level":20,"msg":"Generator: \u001b[35mcategory\u001b[39m","time":"2019-04-26T06:31:58.521Z","v":0}
{"name":"hexo","hostname":"timelyrain","pid":9632,"level":20,"msg":"Generator: \u001b[35mtag\u001b[39m","time":"2019-04-26T06:31:58.522Z","v":0}
{"name":"hexo","hostname":"timelyrain","pid":9632,"level":20,"msg":"Generator: \u001b[35mindex\u001b[39m","time":"2019-04-26T06:31:58.523Z","v":0}
{"name":"hexo","hostname":"timelyrain","pid":9632,"level":20,"msg":"Generator: \u001b[35masset\u001b[39m","time":"2019-04-26T06:31:58.524Z","v":0}
{"name":"hexo","hostname":"timelyrain","pid":9632,"level":30,"msg":"Farewell","time":"2019-04-26T06:32:06.862Z","v":0}
{"name":"hexo","hostname":"timelyrain","pid":9632,"level":20,"msg":"Database saved","time":"2019-04-26T06:32:06.874Z","v":0}
{"name":"hexo","hostname":"timelyrain","pid":12940,"level":20,"msg":"Writing database to C:\\Users\\Administrator\\hailingguoyong.github.io/db.json","time":"2019-04-26T06:32:12.883Z","v":0}
{"name":"hexo","hostname":"timelyrain","pid":12940,"level":20,"msg":"Hexo version: \u001b[35m3.8.0\u001b[39m","time":"2019-04-26T06:32:12.903Z","v":0}
{"name":"hexo","hostname":"timelyrain","pid":12940,"level":20,"msg":"Working directory: \u001b[35m~\\hailingguoyong.github.io\\\u001b[39m","time":"2019-04-26T06:32:12.904Z","v":0}
{"name":"hexo","hostname":"timelyrain","pid":12940,"level":20,"msg":"Config loaded: \u001b[35m~\\hailingguoyong.github.io\\_config.yml\u001b[39m","time":"2019-04-26T06:32:13.028Z","v":0}
{"name":"hexo","hostname":"timelyrain","pid":12940,"level":20,"msg":"Plugin loaded: \u001b[35mhexo-generator-tag\u001b[39m","time":"2019-04-26T06:32:13.055Z","v":0}
{"name":"hexo","hostname":"timelyrain","pid":12940,"level":20,"msg":"Plugin loaded: \u001b[35mhexo-deployer-git\u001b[39m","time":"2019-04-26T06:32:13.132Z","v":0}
{"name":"hexo","hostname":"timelyrain","pid":12940,"level":20,"msg":"Plugin loaded: \u001b[35mhexo-generator-index\u001b[39m","time":"2019-04-26T06:32:13.135Z","v":0}
{"name":"hexo","hostname":"timelyrain","pid":12940,"level":20,"msg":"Plugin loaded: \u001b[35mhexo-generator-category\u001b[39m","time":"2019-04-26T06:32:13.138Z","v":0}
{"name":"hexo","hostname":"timelyrain","pid":12940,"level":20,"msg":"Plugin loaded: \u001b[35mhexo-generator-archive\u001b[39m","time":"2019-04-26T06:32:13.143Z","v":0}
{"name":"hexo","hostname":"timelyrain","pid":12940,"level":20,"msg":"Plugin loaded: \u001b[35mhexo-renderer-ejs\u001b[39m","time":"2019-04-26T06:32:13.148Z","v":0}
{"name":"hexo","hostname":"timelyrain","pid":12940,"level":20,"msg":"Plugin loaded: \u001b[35mhexo-server\u001b[39m","time":"2019-04-26T06:32:13.225Z","v":0}
{"name":"hexo","hostname":"timelyrain","pid":12940,"level":20,"msg":"Plugin loaded: \u001b[35mhexo-renderer-marked\u001b[39m","time":"2019-04-26T06:32:13.234Z","v":0}
{"name":"hexo","hostname":"timelyrain","pid":12940,"level":20,"msg":"Plugin loaded: \u001b[35mhexo-renderer-stylus\u001b[39m","time":"2019-04-26T06:32:13.237Z","v":0}
{"name":"hexo","hostname":"timelyrain","pid":12940,"level":20,"msg":"Loading database.","time":"2019-04-26T06:32:13.255Z","v":0}
{"name":"hexo","hostname":"timelyrain","pid":12940,"level":30,"msg":"Start processing","time":"2019-04-26T06:32:13.280Z","v":0}
{"name":"hexo","hostname":"timelyrain","pid":12940,"level":20,"msg":"Processed: \u001b[35m_posts/My-New-Post.md\u001b[39m","time":"2019-04-26T06:32:13.329Z","v":0}
{"name":"hexo","hostname":"timelyrain","pid":12940,"level":20,"msg":"Processed: \u001b[35m_posts/hello-world.md\u001b[39m","time":"2019-04-26T06:32:13.332Z","v":0}
{"name":"hexo","hostname":"timelyrain","pid":12940,"level":20,"msg":"Processed: \u001b[35m_posts/文章标题.md\u001b[39m","time":"2019-04-26T06:32:13.333Z","v":0}
{"name":"hexo","hostname":"timelyrain","pid":12940,"level":20,"msg":"Processed: \u001b[35mlayout/layout.ejs\u001b[39m","time":"2019-04-26T06:32:13.407Z","v":0}
{"name":"hexo","hostname":"timelyrain","pid":12940,"level":20,"msg":"Processed: \u001b[35mlayout/post.ejs\u001b[39m","time":"2019-04-26T06:32:13.409Z","v":0}
{"name":"hexo","hostname":"timelyrain","pid":12940,"level":20,"msg":"Processed: \u001b[35mlayout/page.ejs\u001b[39m","time":"2019-04-26T06:32:13.410Z","v":0}
{"name":"hexo","hostname":"timelyrain","pid":12940,"level":20,"msg":"Processed: \u001b[35mlayout/tag.ejs\u001b[39m","time":"2019-04-26T06:32:13.414Z","v":0}
{"name":"hexo","hostname":"timelyrain","pid":12940,"level":20,"msg":"Processed: \u001b[35mlayout/category.ejs\u001b[39m","time":"2019-04-26T06:32:13.419Z","v":0}
{"name":"hexo","hostname":"timelyrain","pid":12940,"level":20,"msg":"Processed: \u001b[35mlayout/archive.ejs\u001b[39m","time":"2019-04-26T06:32:13.420Z","v":0}
{"name":"hexo","hostname":"timelyrain","pid":12940,"level":20,"msg":"Processed: \u001b[35mlayout/index.ejs\u001b[39m","time":"2019-04-26T06:32:13.421Z","v":0}
{"name":"hexo","hostname":"timelyrain","pid":12940,"level":20,"msg":"Processed: \u001b[35mlanguages/default.yml\u001b[39m","time":"2019-04-26T06:32:13.423Z","v":0}
{"name":"hexo","hostname":"timelyrain","pid":12940,"level":20,"msg":"Processed: \u001b[35mlanguages/en.yml\u001b[39m","time":"2019-04-26T06:32:13.424Z","v":0}
{"name":"hexo","hostname":"timelyrain","pid":12940,"level":20,"msg":"Processed: \u001b[35mlanguages/zh_CN.yml\u001b[39m","time":"2019-04-26T06:32:13.425Z","v":0}
{"name":"hexo","hostname":"timelyrain","pid":12940,"level":20,"msg":"Processed: \u001b[35mlanguages/zh_HK.yml\u001b[39m","time":"2019-04-26T06:32:13.426Z","v":0}
{"name":"hexo","hostname":"timelyrain","pid":12940,"level":20,"msg":"Processed: \u001b[35mlanguages/zh_TW.yml\u001b[39m","time":"2019-04-26T06:32:13.427Z","v":0}
{"name":"hexo","hostname":"timelyrain","pid":12940,"level":20,"msg":"Processed: \u001b[35mlayout/_partial/toc.ejs\u001b[39m","time":"2019-04-26T06:32:13.432Z","v":0}
{"name":"hexo","hostname":"timelyrain","pid":12940,"level":20,"msg":"Processed: \u001b[35mlayout/_partial/after-footer.ejs\u001b[39m","time":"2019-04-26T06:32:13.442Z","v":0}
{"name":"hexo","hostname":"timelyrain","pid":12940,"level":20,"msg":"Processed: \u001b[35mlayout/_partial/archive.ejs\u001b[39m","time":"2019-04-26T06:32:13.443Z","v":0}
{"name":"hexo","hostname":"timelyrain","pid":12940,"level":20,"msg":"Processed: \u001b[35mlayout/_partial/archive-post.ejs\u001b[39m","time":"2019-04-26T06:32:13.444Z","v":0}
{"name":"hexo","hostname":"timelyrain","pid":12940,"level":20,"msg":"Processed: \u001b[35mlayout/_partial/article.ejs\u001b[39m","time":"2019-04-26T06:32:13.445Z","v":0}
{"name":"hexo","hostname":"timelyrain","pid":12940,"level":20,"msg":"Processed: \u001b[35mlayout/_partial/baidu-analytics.ejs\u001b[39m","time":"2019-04-26T06:32:13.446Z","v":0}
{"name":"hexo","hostname":"timelyrain","pid":12940,"level":20,"msg":"Processed: \u001b[35mlayout/_partial/aside.ejs\u001b[39m","time":"2019-04-26T06:32:13.449Z","v":0}
{"name":"hexo","hostname":"timelyrain","pid":12940,"level":20,"msg":"Processed: \u001b[35mlayout/_partial/css.ejs\u001b[39m","time":"2019-04-26T06:32:13.450Z","v":0}
{"name":"hexo","hostname":"timelyrain","pid":12940,"level":20,"msg":"Processed: \u001b[35mlayout/_partial/head.ejs\u001b[39m","time":"2019-04-26T06:32:13.451Z","v":0}
{"name":"hexo","hostname":"timelyrain","pid":12940,"level":20,"msg":"Processed: \u001b[35mlayout/_partial/footer.ejs\u001b[39m","time":"2019-04-26T06:32:13.452Z","v":0}
{"name":"hexo","hostname":"timelyrain","pid":12940,"level":20,"msg":"Processed: \u001b[35mlayout/_partial/header.ejs\u001b[39m","time":"2019-04-26T06:32:13.453Z","v":0}
{"name":"hexo","hostname":"timelyrain","pid":12940,"level":20,"msg":"Processed: \u001b[35mlayout/_partial/left-col.ejs\u001b[39m","time":"2019-04-26T06:32:13.454Z","v":0}
{"name":"hexo","hostname":"timelyrain","pid":12940,"level":20,"msg":"Processed: \u001b[35mlayout/_partial/mobile-nav.ejs\u001b[39m","time":"2019-04-26T06:32:13.455Z","v":0}
{"name":"hexo","hostname":"timelyrain","pid":12940,"level":20,"msg":"Processed: \u001b[35mlayout/_partial/mathjax.ejs\u001b[39m","time":"2019-04-26T06:32:13.456Z","v":0}
{"name":"hexo","hostname":"timelyrain","pid":12940,"level":20,"msg":"Processed: \u001b[35mlayout/_partial/tools.ejs\u001b[39m","time":"2019-04-26T06:32:13.458Z","v":0}
{"name":"hexo","hostname":"timelyrain","pid":12940,"level":20,"msg":"Processed: \u001b[35mlayout/_partial/viewer.ejs\u001b[39m","time":"2019-04-26T06:32:13.460Z","v":0}
{"name":"hexo","hostname":"timelyrain","pid":12940,"level":20,"msg":"Processed: \u001b[35mlayout/_partial/google-analytics.ejs\u001b[39m","time":"2019-04-26T06:32:13.461Z","v":0}
{"name":"hexo","hostname":"timelyrain","pid":12940,"level":20,"msg":"Processed: \u001b[35mlayout/_partial/post/changyan.ejs\u001b[39m","time":"2019-04-26T06:32:13.467Z","v":0}
{"name":"hexo","hostname":"timelyrain","pid":12940,"level":20,"msg":"Processed: \u001b[35mlayout/_partial/post/date.ejs\u001b[39m","time":"2019-04-26T06:32:13.469Z","v":0}
{"name":"hexo","hostname":"timelyrain","pid":12940,"level":20,"msg":"Processed: \u001b[35mlayout/_partial/post/category.ejs\u001b[39m","time":"2019-04-26T06:32:13.471Z","v":0}
{"name":"hexo","hostname":"timelyrain","pid":12940,"level":20,"msg":"Processed: \u001b[35mlayout/_partial/post/nav.ejs\u001b[39m","time":"2019-04-26T06:32:13.472Z","v":0}
{"name":"hexo","hostname":"timelyrain","pid":12940,"level":20,"msg":"Processed: \u001b[35mlayout/_partial/post/duoshuo.ejs\u001b[39m","time":"2019-04-26T06:32:13.473Z","v":0}
{"name":"hexo","hostname":"timelyrain","pid":12940,"level":20,"msg":"Processed: \u001b[35mlayout/_partial/post/share.ejs\u001b[39m","time":"2019-04-26T06:32:13.474Z","v":0}
{"name":"hexo","hostname":"timelyrain","pid":12940,"level":20,"msg":"Processed: \u001b[35mlayout/_partial/post/gitment.ejs\u001b[39m","time":"2019-04-26T06:32:13.475Z","v":0}
{"name":"hexo","hostname":"timelyrain","pid":12940,"level":20,"msg":"Processed: \u001b[35mlayout/_partial/post/tag.ejs\u001b[39m","time":"2019-04-26T06:32:13.476Z","v":0}
{"name":"hexo","hostname":"timelyrain","pid":12940,"level":20,"msg":"Processed: \u001b[35mlayout/_partial/post/title.ejs\u001b[39m","time":"2019-04-26T06:32:13.477Z","v":0}
{"name":"hexo","hostname":"timelyrain","pid":12940,"level":20,"msg":"Processed: \u001b[35mlayout/_partial/post/wangyiyun.ejs\u001b[39m","time":"2019-04-26T06:32:13.479Z","v":0}
{"name":"hexo","hostname":"timelyrain","pid":12940,"level":20,"msg":"Processed: \u001b[35mlayout/_partial/script.ejs\u001b[39m","time":"2019-04-26T06:32:13.492Z","v":0}
{"name":"hexo","hostname":"timelyrain","pid":12940,"level":20,"msg":"Generator: \u001b[35mpage\u001b[39m","time":"2019-04-26T06:32:13.589Z","v":0}
{"name":"hexo","hostname":"timelyrain","pid":12940,"level":20,"msg":"Generator: \u001b[35mpost\u001b[39m","time":"2019-04-26T06:32:13.592Z","v":0}
{"name":"hexo","hostname":"timelyrain","pid":12940,"level":20,"msg":"Generator: \u001b[35mtag\u001b[39m","time":"2019-04-26T06:32:13.593Z","v":0}
{"name":"hexo","hostname":"timelyrain","pid":12940,"level":20,"msg":"Generator: \u001b[35mindex\u001b[39m","time":"2019-04-26T06:32:13.594Z","v":0}
{"name":"hexo","hostname":"timelyrain","pid":12940,"level":20,"msg":"Generator: \u001b[35mcategory\u001b[39m","time":"2019-04-26T06:32:13.596Z","v":0}
{"name":"hexo","hostname":"timelyrain","pid":12940,"level":20,"msg":"Generator: \u001b[35marchive\u001b[39m","time":"2019-04-26T06:32:13.597Z","v":0}
{"name":"hexo","hostname":"timelyrain","pid":12940,"level":20,"msg":"Generator: \u001b[35masset\u001b[39m","time":"2019-04-26T06:32:13.598Z","v":0}
{"name":"hexo","hostname":"timelyrain","pid":12940,"level":30,"msg":"Hexo is running at \u001b[4mhttp://localhost:4000/\u001b[24m. Press Ctrl+C to stop.","time":"2019-04-26T06:32:13.607Z","v":0}
{"name":"hexo","hostname":"timelyrain","pid":12940,"level":20,"msg":"Database saved","time":"2019-04-26T06:32:13.615Z","v":0}
{"name":"hexo","hostname":"timelyrain","pid":12940,"level":20,"msg":"Rendering index: \u001b[35mindex.html\u001b[39m","time":"2019-04-26T06:32:22.769Z","v":0}
{"name":"hexo","hostname":"timelyrain","pid":12940,"level":30,"msg":"Good bye","time":"2019-04-26T06:32:34.436Z","v":0}
{"name":"hexo","hostname":"timelyrain","pid":12940,"level":20,"msg":"Database saved","time":"2019-04-26T06:32:34.452Z","v":0}
